This is pdfTeX, Version 3.1415926-1.40.10 (TeX Live 2009/openSUSE) (format=latex 2011.5.18)  23 JUN 2011 16:17
entering extended mode
 %&-line parsing enabled.
**main.tex
(./main.tex
LaTeX2e <2009/09/24>
Babel <v3.8l> and hyphenation patterns for english, usenglishmax, dumylang, noh
yphenation, german-x-2009-06-19, ngerman-x-2009-06-19, ancientgreek, ibycus, ar
abic, basque, bulgarian, catalan, pinyin, coptic, croatian, czech, danish, dutc
h, esperanto, estonian, farsi, finnish, french, galician, german, ngerman, mono
greek, greek, hungarian, icelandic, indonesian, interlingua, irish, italian, ku
rmanji, latin, latvian, lithuanian, mongolian, mongolian2a, bokmal, nynorsk, po
lish, portuguese, romanian, russian, sanskrit, serbian, slovak, slovenian, span
ish, swedish, turkish, ukenglish, ukrainian, uppersorbian, welsh, loaded.
(/usr/share/texmf/tex/latex/base/article.cls
Document Class: article 2007/10/19 v1.4h Standard LaTeX document class
(/usr/share/texmf/tex/latex/base/leqno.clo
File: leqno.clo 1998/08/17 v1.1c Standard LaTeX option (left equation numbers)
)
(/usr/share/texmf/tex/latex/base/size10.clo
File: size10.clo 2007/10/19 v1.4h Standard LaTeX file (size option)
)
\c@part=\count79
\c@section=\count80
\c@subsection=\count81
\c@subsubsection=\count82
\c@paragraph=\count83
\c@subparagraph=\count84
\c@figure=\count85
\c@table=\count86
\abovecaptionskip=\skip41
\belowcaptionskip=\skip42
\bibindent=\dimen102
)
\@indexfile=\write3
\openout3 = `main.idx'.


Writing index file main.idx
! I can't find file `psfig'.
l.15 \input psfig
                 
(Press Enter to retry, or Control-D to exit)
Please type another input file name: 
! I can't find file `psfig'.
l.15 \input psfig
                 
(Press Enter to retry, or Control-D to exit)
Please type another input file name: 
! I can't find file `psfig'.
l.15 \input psfig
                 
(Press Enter to retry, or Control-D to exit)
Please type another input file name: 
! Emergency stop.
l.15 \input psfig
                 
End of file on the terminal!

 
Here is how much of TeX's memory you used:
 200 strings out of 493849
 2144 string characters out of 3155837
 48936 words of memory out of 3500000
 3564 multiletter control sequences out of 15000+200000
 3640 words of font info for 14 fonts, out of 3000000 for 9000
 714 hyphenation exceptions out of 8191
 23i,0n,19p,135b,36s stack positions out of 5000i,500n,10000p,200000b,50000s
No pages of output.
